C:\Program Files (x86)\Microsoft Visual Studio\2019\Community\MSBuild\Microsoft\VC\v160\Microsoft.CppBuild.targets(467,5): warning MSB8028: The intermediate directory (x64\Debug\) contains files shared from another project (tp-so2.vcxproj).  This can lead to incorrect clean and rebuild behavior.
  centaxi.c
E:\projects\so2-project\tp-so2\centaxi.c(17,24): warning C4047: '<': 'int' differs in levels of indirection from 'int *'
E:\projects\so2-project\tp-so2\centaxi.c(24,24): warning C4047: '<': 'int' differs in levels of indirection from 'int *'
E:\projects\so2-project\tp-so2\centaxi.c(31,24): warning C4047: '<': 'int' differs in levels of indirection from 'int *'
E:\projects\so2-project\tp-so2\centaxi.c(70,13): warning C4477: 'wscanf_s' : format string '%99[^\n]' requires an argument of type 'unsigned int', but variadic argument 2 has type 'unsigned __int64'
E:\projects\so2-project\tp-so2\centaxi.c(70,13): message : this argument is used as a buffer size
E:\projects\so2-project\tp-so2\centaxi.c(71,20): warning C4013: 'FindFeatureAndRun' undefined; assuming extern returning int
E:\projects\so2-project\tp-so2\centaxi.c(78,29): warning C4018: '<': signed/unsigned mismatch
E:\projects\so2-project\tp-so2\centaxi.c(93,29): warning C4018: '<': signed/unsigned mismatch
E:\projects\so2-project\tp-so2\centaxi.c(104,29): warning C4018: '<': signed/unsigned mismatch
E:\projects\so2-project\tp-so2\centaxi.c(112,29): warning C4018: '<': signed/unsigned mismatch
E:\projects\so2-project\tp-so2\centaxi.c(133,26): warning C4013: 'FindTaxiIndex' undefined; assuming extern returning int
E:\projects\so2-project\tp-so2\centaxi.c(273,66): warning C4047: 'function': 'int *' differs in levels of indirection from 'int'
E:\projects\so2-project\tp-so2\centaxi.c(273,66): warning C4024: 'WaitAllThreads': different types for formal and actual parameter 2
E:\projects\so2-project\tp-so2\centaxi.c(274,66): warning C4047: 'function': 'int *' differs in levels of indirection from 'int'
E:\projects\so2-project\tp-so2\centaxi.c(274,66): warning C4024: 'CloseMyHandles': different types for formal and actual parameter 2
E:\projects\so2-project\tp-so2\centaxi.c(286,66): warning C4047: 'function': 'int *' differs in levels of indirection from 'int'
E:\projects\so2-project\tp-so2\centaxi.c(286,66): warning C4024: 'WaitAllThreads': different types for formal and actual parameter 2
E:\projects\so2-project\tp-so2\centaxi.c(287,66): warning C4047: 'function': 'int *' differs in levels of indirection from 'int'
E:\projects\so2-project\tp-so2\centaxi.c(287,66): warning C4024: 'CloseMyHandles': different types for formal and actual parameter 2
E:\projects\so2-project\tp-so2\centaxi.c(295,66): warning C4047: 'function': 'int *' differs in levels of indirection from 'int'
E:\projects\so2-project\tp-so2\centaxi.c(295,66): warning C4024: 'WaitAllThreads': different types for formal and actual parameter 2
E:\projects\so2-project\tp-so2\centaxi.c(296,61): warning C4047: 'function': 'int *' differs in levels of indirection from 'int'
E:\projects\so2-project\tp-so2\centaxi.c(296,61): warning C4024: 'UnmapAllViews': different types for formal and actual parameter 2
E:\projects\so2-project\tp-so2\centaxi.c(297,66): warning C4047: 'function': 'int *' differs in levels of indirection from 'int'
E:\projects\so2-project\tp-so2\centaxi.c(297,66): warning C4024: 'CloseMyHandles': different types for formal and actual parameter 2
E:\projects\so2-project\tp-so2\centaxi.c(305,66): warning C4047: 'function': 'int *' differs in levels of indirection from 'int'
E:\projects\so2-project\tp-so2\centaxi.c(305,66): warning C4024: 'WaitAllThreads': different types for formal and actual parameter 2
E:\projects\so2-project\tp-so2\centaxi.c(306,61): warning C4047: 'function': 'int *' differs in levels of indirection from 'int'
E:\projects\so2-project\tp-so2\centaxi.c(306,61): warning C4024: 'UnmapAllViews': different types for formal and actual parameter 2
E:\projects\so2-project\tp-so2\centaxi.c(307,66): warning C4047: 'function': 'int *' differs in levels of indirection from 'int'
E:\projects\so2-project\tp-so2\centaxi.c(307,66): warning C4024: 'CloseMyHandles': different types for formal and actual parameter 2
E:\projects\so2-project\tp-so2\centaxi.c(321,66): warning C4047: 'function': 'int *' differs in levels of indirection from 'int'
E:\projects\so2-project\tp-so2\centaxi.c(321,66): warning C4024: 'WaitAllThreads': different types for formal and actual parameter 2
E:\projects\so2-project\tp-so2\centaxi.c(322,66): warning C4047: 'function': 'int *' differs in levels of indirection from 'int'
E:\projects\so2-project\tp-so2\centaxi.c(322,66): warning C4024: 'CloseMyHandles': different types for formal and actual parameter 2
E:\projects\so2-project\tp-so2\centaxi.c(331,28): warning C4133: '=': incompatible types - from 'SHM_CC_REQUEST *' to 'SHM_CC_RESPONSE *'
E:\projects\so2-project\tp-so2\centaxi.c(334,66): warning C4047: 'function': 'int *' differs in levels of indirection from 'int'
E:\projects\so2-project\tp-so2\centaxi.c(334,66): warning C4024: 'WaitAllThreads': different types for formal and actual parameter 2
E:\projects\so2-project\tp-so2\centaxi.c(335,66): warning C4047: 'function': 'int *' differs in levels of indirection from 'int'
E:\projects\so2-project\tp-so2\centaxi.c(335,66): warning C4024: 'CloseMyHandles': different types for formal and actual parameter 2
E:\projects\so2-project\tp-so2\centaxi.c(343,66): warning C4047: 'function': 'int *' differs in levels of indirection from 'int'
E:\projects\so2-project\tp-so2\centaxi.c(343,66): warning C4024: 'WaitAllThreads': different types for formal and actual parameter 2
E:\projects\so2-project\tp-so2\centaxi.c(344,61): warning C4047: 'function': 'int *' differs in levels of indirection from 'int'
E:\projects\so2-project\tp-so2\centaxi.c(344,61): warning C4024: 'UnmapAllViews': different types for formal and actual parameter 2
E:\projects\so2-project\tp-so2\centaxi.c(345,66): warning C4047: 'function': 'int *' differs in levels of indirection from 'int'
E:\projects\so2-project\tp-so2\centaxi.c(345,66): warning C4024: 'CloseMyHandles': different types for formal and actual parameter 2
E:\projects\so2-project\tp-so2\centaxi.c(353,66): warning C4047: 'function': 'int *' differs in levels of indirection from 'int'
E:\projects\so2-project\tp-so2\centaxi.c(353,66): warning C4024: 'WaitAllThreads': different types for formal and actual parameter 2
E:\projects\so2-project\tp-so2\centaxi.c(354,61): warning C4047: 'function': 'int *' differs in levels of indirection from 'int'
E:\projects\so2-project\tp-so2\centaxi.c(354,61): warning C4024: 'UnmapAllViews': different types for formal and actual parameter 2
E:\projects\so2-project\tp-so2\centaxi.c(355,66): warning C4047: 'function': 'int *' differs in levels of indirection from 'int'
E:\projects\so2-project\tp-so2\centaxi.c(355,66): warning C4024: 'CloseMyHandles': different types for formal and actual parameter 2
E:\projects\so2-project\tp-so2\centaxi.c(366,119): warning C4047: '=': 'HANDLE' differs in levels of indirection from 'int'
E:\projects\so2-project\tp-so2\centaxi.c(368,66): warning C4047: 'function': 'int *' differs in levels of indirection from 'int'
E:\projects\so2-project\tp-so2\centaxi.c(368,66): warning C4024: 'WaitAllThreads': different types for formal and actual parameter 2
E:\projects\so2-project\tp-so2\centaxi.c(369,61): warning C4047: 'function': 'int *' differs in levels of indirection from 'int'
E:\projects\so2-project\tp-so2\centaxi.c(369,61): warning C4024: 'UnmapAllViews': different types for formal and actual parameter 2
E:\projects\so2-project\tp-so2\centaxi.c(370,66): warning C4047: 'function': 'int *' differs in levels of indirection from 'int'
E:\projects\so2-project\tp-so2\centaxi.c(370,66): warning C4024: 'CloseMyHandles': different types for formal and actual parameter 2
E:\projects\so2-project\tp-so2\centaxi.c(394,29): warning C4018: '<': signed/unsigned mismatch
E:\projects\so2-project\tp-so2\centaxi.c(401,29): warning C4018: '<': signed/unsigned mismatch
E:\projects\so2-project\tp-so2\centaxi.c(471,16): warning C4047: 'return': 'TCHAR **' differs in levels of indirection from 'TCHAR [6][100]'
E:\projects\so2-project\tp-so2\centaxi.c(504,30): warning C4018: '<': signed/unsigned mismatch
E:\projects\so2-project\tp-so2\centaxi.c(567,32): warning C4018: '<': signed/unsigned mismatch
E:\projects\so2-project\tp-so2\centaxi.c(572,32): warning C4018: '<': signed/unsigned mismatch
E:\projects\so2-project\tp-so2\centaxi.c(583,32): warning C4018: '<': signed/unsigned mismatch
E:\projects\so2-project\tp-so2\centaxi.c(588,32): warning C4018: '<': signed/unsigned mismatch
E:\projects\so2-project\tp-so2\centaxi.c(639,16): warning C4047: 'return': 'char **' differs in levels of indirection from 'char [50][50]'
E:\projects\so2-project\tp-so2\centaxi.c(698,40): warning C4047: 'function': 'int *' differs in levels of indirection from 'int'
E:\projects\so2-project\tp-so2\centaxi.c(698,40): warning C4024: 'WaitAllThreads': different types for formal and actual parameter 2
E:\projects\so2-project\tp-so2\centaxi.c(699,35): warning C4047: 'function': 'int *' differs in levels of indirection from 'int'
E:\projects\so2-project\tp-so2\centaxi.c(699,35): warning C4024: 'UnmapAllViews': different types for formal and actual parameter 2
E:\projects\so2-project\tp-so2\centaxi.c(700,40): warning C4047: 'function': 'int *' differs in levels of indirection from 'int'
E:\projects\so2-project\tp-so2\centaxi.c(700,40): warning C4024: 'CloseMyHandles': different types for formal and actual parameter 2
E:\projects\so2-project\tp-so2\centaxi.c(703,29): warning C4018: '<': signed/unsigned mismatch
E:\projects\so2-project\tp-so2\centaxi.c(714,40): warning C4047: 'function': 'int *' differs in levels of indirection from 'int'
E:\projects\so2-project\tp-so2\centaxi.c(714,40): warning C4024: 'WaitAllThreads': different types for formal and actual parameter 2
E:\projects\so2-project\tp-so2\centaxi.c(715,35): warning C4047: 'function': 'int *' differs in levels of indirection from 'int'
E:\projects\so2-project\tp-so2\centaxi.c(715,35): warning C4024: 'UnmapAllViews': different types for formal and actual parameter 2
E:\projects\so2-project\tp-so2\centaxi.c(716,40): warning C4047: 'function': 'int *' differs in levels of indirection from 'int'
E:\projects\so2-project\tp-so2\centaxi.c(716,40): warning C4024: 'CloseMyHandles': different types for formal and actual parameter 2
E:\projects\so2-project\tp-so2\centaxi.c(719,29): warning C4018: '<': signed/unsigned mismatch
E:\projects\so2-project\tp-so2\centaxi.c(734,40): warning C4047: 'function': 'int *' differs in levels of indirection from 'int'
E:\projects\so2-project\tp-so2\centaxi.c(734,40): warning C4024: 'CloseMyHandles': different types for formal and actual parameter 2
E:\projects\so2-project\tp-so2\centaxi.c(748,40): warning C4047: 'function': 'int *' differs in levels of indirection from 'int'
E:\projects\so2-project\tp-so2\centaxi.c(748,40): warning C4024: 'CloseMyHandles': different types for formal and actual parameter 2
E:\projects\so2-project\tp-so2\centaxi.c(756,35): warning C4047: 'function': 'int *' differs in levels of indirection from 'int'
E:\projects\so2-project\tp-so2\centaxi.c(756,35): warning C4024: 'UnmapAllViews': different types for formal and actual parameter 2
E:\projects\so2-project\tp-so2\centaxi.c(757,40): warning C4047: 'function': 'int *' differs in levels of indirection from 'int'
E:\projects\so2-project\tp-so2\centaxi.c(757,40): warning C4024: 'CloseMyHandles': different types for formal and actual parameter 2
E:\projects\so2-project\tp-so2\centaxi.c(765,35): warning C4047: 'function': 'int *' differs in levels of indirection from 'int'
E:\projects\so2-project\tp-so2\centaxi.c(765,35): warning C4024: 'UnmapAllViews': different types for formal and actual parameter 2
E:\projects\so2-project\tp-so2\centaxi.c(766,40): warning C4047: 'function': 'int *' differs in levels of indirection from 'int'
E:\projects\so2-project\tp-so2\centaxi.c(766,40): warning C4024: 'CloseMyHandles': different types for formal and actual parameter 2
E:\projects\so2-project\tp-so2\centaxi.c(775,40): warning C4047: 'function': 'int *' differs in levels of indirection from 'int'
E:\projects\so2-project\tp-so2\centaxi.c(775,40): warning C4024: 'WaitAllThreads': different types for formal and actual parameter 2
E:\projects\so2-project\tp-so2\centaxi.c(776,35): warning C4047: 'function': 'int *' differs in levels of indirection from 'int'
E:\projects\so2-project\tp-so2\centaxi.c(776,35): warning C4024: 'UnmapAllViews': different types for formal and actual parameter 2
E:\projects\so2-project\tp-so2\centaxi.c(777,40): warning C4047: 'function': 'int *' differs in levels of indirection from 'int'
E:\projects\so2-project\tp-so2\centaxi.c(777,40): warning C4024: 'CloseMyHandles': different types for formal and actual parameter 2
E:\projects\so2-project\tp-so2\centaxi.c(800,40): warning C4047: 'function': 'int *' differs in levels of indirection from 'int'
E:\projects\so2-project\tp-so2\centaxi.c(800,40): warning C4024: 'CloseMyHandles': different types for formal and actual parameter 2
E:\projects\so2-project\tp-so2\centaxi.c(814,40): warning C4047: 'function': 'int *' differs in levels of indirection from 'int'
E:\projects\so2-project\tp-so2\centaxi.c(814,40): warning C4024: 'WaitAllThreads': different types for formal and actual parameter 2
E:\projects\so2-project\tp-so2\centaxi.c(815,40): warning C4047: 'function': 'int *' differs in levels of indirection from 'int'
E:\projects\so2-project\tp-so2\centaxi.c(815,40): warning C4024: 'CloseMyHandles': different types for formal and actual parameter 2
E:\projects\so2-project\tp-so2\centaxi.c(829,40): warning C4047: 'function': 'int *' differs in levels of indirection from 'int'
E:\projects\so2-project\tp-so2\centaxi.c(829,40): warning C4024: 'WaitAllThreads': different types for formal and actual parameter 2
E:\projects\so2-project\tp-so2\centaxi.c(830,40): warning C4047: 'function': 'int *' differs in levels of indirection from 'int'
E:\projects\so2-project\tp-so2\centaxi.c(830,40): warning C4024: 'CloseMyHandles': different types for formal and actual parameter 2
E:\projects\so2-project\tp-so2\centaxi.c(845,40): warning C4047: 'function': 'int *' differs in levels of indirection from 'int'
E:\projects\so2-project\tp-so2\centaxi.c(845,40): warning C4024: 'WaitAllThreads': different types for formal and actual parameter 2
E:\projects\so2-project\tp-so2\centaxi.c(846,40): warning C4047: 'function': 'int *' differs in levels of indirection from 'int'
E:\projects\so2-project\tp-so2\centaxi.c(846,40): warning C4024: 'CloseMyHandles': different types for formal and actual parameter 2
E:\projects\so2-project\tp-so2\centaxi.c(858,40): warning C4047: 'function': 'int *' differs in levels of indirection from 'int'
E:\projects\so2-project\tp-so2\centaxi.c(858,40): warning C4024: 'WaitAllThreads': different types for formal and actual parameter 2
E:\projects\so2-project\tp-so2\centaxi.c(859,40): warning C4047: 'function': 'int *' differs in levels of indirection from 'int'
E:\projects\so2-project\tp-so2\centaxi.c(859,40): warning C4024: 'CloseMyHandles': different types for formal and actual parameter 2
E:\projects\so2-project\tp-so2\centaxi.c(867,40): warning C4047: 'function': 'int *' differs in levels of indirection from 'int'
E:\projects\so2-project\tp-so2\centaxi.c(867,40): warning C4024: 'WaitAllThreads': different types for formal and actual parameter 2
E:\projects\so2-project\tp-so2\centaxi.c(868,35): warning C4047: 'function': 'int *' differs in levels of indirection from 'int'
E:\projects\so2-project\tp-so2\centaxi.c(868,35): warning C4024: 'UnmapAllViews': different types for formal and actual parameter 2
E:\projects\so2-project\tp-so2\centaxi.c(869,40): warning C4047: 'function': 'int *' differs in levels of indirection from 'int'
E:\projects\so2-project\tp-so2\centaxi.c(869,40): warning C4024: 'CloseMyHandles': different types for formal and actual parameter 2
E:\projects\so2-project\tp-so2\centaxi.c(877,40): warning C4047: 'function': 'int *' differs in levels of indirection from 'int'
E:\projects\so2-project\tp-so2\centaxi.c(877,40): warning C4024: 'WaitAllThreads': different types for formal and actual parameter 2
E:\projects\so2-project\tp-so2\centaxi.c(878,35): warning C4047: 'function': 'int *' differs in levels of indirection from 'int'
E:\projects\so2-project\tp-so2\centaxi.c(878,35): warning C4024: 'UnmapAllViews': different types for formal and actual parameter 2
E:\projects\so2-project\tp-so2\centaxi.c(879,40): warning C4047: 'function': 'int *' differs in levels of indirection from 'int'
E:\projects\so2-project\tp-so2\centaxi.c(879,40): warning C4024: 'CloseMyHandles': different types for formal and actual parameter 2
E:\projects\so2-project\tp-so2\centaxi.c(887,40): warning C4047: 'function': 'int *' differs in levels of indirection from 'int'
E:\projects\so2-project\tp-so2\centaxi.c(887,40): warning C4024: 'WaitAllThreads': different types for formal and actual parameter 2
E:\projects\so2-project\tp-so2\centaxi.c(888,35): warning C4047: 'function': 'int *' differs in levels of indirection from 'int'
E:\projects\so2-project\tp-so2\centaxi.c(888,35): warning C4024: 'UnmapAllViews': different types for formal and actual parameter 2
E:\projects\so2-project\tp-so2\centaxi.c(889,40): warning C4047: 'function': 'int *' differs in levels of indirection from 'int'
E:\projects\so2-project\tp-so2\centaxi.c(889,40): warning C4024: 'CloseMyHandles': different types for formal and actual parameter 2
E:\projects\so2-project\tp-so2\centaxi.c(897,40): warning C4047: 'function': 'int *' differs in levels of indirection from 'int'
E:\projects\so2-project\tp-so2\centaxi.c(897,40): warning C4024: 'WaitAllThreads': different types for formal and actual parameter 2
E:\projects\so2-project\tp-so2\centaxi.c(898,35): warning C4047: 'function': 'int *' differs in levels of indirection from 'int'
E:\projects\so2-project\tp-so2\centaxi.c(898,35): warning C4024: 'UnmapAllViews': different types for formal and actual parameter 2
E:\projects\so2-project\tp-so2\centaxi.c(899,40): warning C4047: 'function': 'int *' differs in levels of indirection from 'int'
E:\projects\so2-project\tp-so2\centaxi.c(899,40): warning C4024: 'CloseMyHandles': different types for formal and actual parameter 2
E:\projects\so2-project\tp-so2\centaxi.c(907,40): warning C4047: 'function': 'int *' differs in levels of indirection from 'int'
E:\projects\so2-project\tp-so2\centaxi.c(907,40): warning C4024: 'WaitAllThreads': different types for formal and actual parameter 2
E:\projects\so2-project\tp-so2\centaxi.c(908,35): warning C4047: 'function': 'int *' differs in levels of indirection from 'int'
E:\projects\so2-project\tp-so2\centaxi.c(908,35): warning C4024: 'UnmapAllViews': different types for formal and actual parameter 2
E:\projects\so2-project\tp-so2\centaxi.c(909,40): warning C4047: 'function': 'int *' differs in levels of indirection from 'int'
E:\projects\so2-project\tp-so2\centaxi.c(909,40): warning C4024: 'CloseMyHandles': different types for formal and actual parameter 2
E:\projects\so2-project\tp-so2\centaxi.c(936,40): warning C4047: 'function': 'int *' differs in levels of indirection from 'int'
E:\projects\so2-project\tp-so2\centaxi.c(936,40): warning C4024: 'WaitAllThreads': different types for formal and actual parameter 2
E:\projects\so2-project\tp-so2\centaxi.c(937,35): warning C4047: 'function': 'int *' differs in levels of indirection from 'int'
E:\projects\so2-project\tp-so2\centaxi.c(937,35): warning C4024: 'UnmapAllViews': different types for formal and actual parameter 2
E:\projects\so2-project\tp-so2\centaxi.c(938,40): warning C4047: 'function': 'int *' differs in levels of indirection from 'int'
E:\projects\so2-project\tp-so2\centaxi.c(938,40): warning C4024: 'CloseMyHandles': different types for formal and actual parameter 2
E:\projects\so2-project\tp-so2\centaxi.c(944,39): warning C4047: 'function': 'int *' differs in levels of indirection from 'int'
E:\projects\so2-project\tp-so2\centaxi.c(944,39): warning C4024: 'WaitAllThreads': different types for formal and actual parameter 2
E:\projects\so2-project\tp-so2\centaxi.c(945,34): warning C4047: 'function': 'int *' differs in levels of indirection from 'int'
E:\projects\so2-project\tp-so2\centaxi.c(945,34): warning C4024: 'UnmapAllViews': different types for formal and actual parameter 2
E:\projects\so2-project\tp-so2\centaxi.c(946,39): warning C4047: 'function': 'int *' differs in levels of indirection from 'int'
E:\projects\so2-project\tp-so2\centaxi.c(946,39): warning C4024: 'CloseMyHandles': different types for formal and actual parameter 2
E:\projects\so2-project\tp-so2\centaxi.c(90): warning C4715: 'InsertTaxiIntoMapCell': not all control paths return a value
E:\projects\so2-project\tp-so2\centaxi.c(471): warning C4172: returning address of local variable or temporary: command
E:\projects\so2-project\tp-so2\centaxi.c(557): warning C4716: 'FindFeatureAndRun': must return a value
E:\projects\so2-project\tp-so2\centaxi.c(639): warning C4172: returning address of local variable or temporary: charMap
  tp-so2.vcxproj -> E:\projects\so2-project\x64\Debug\CenTaxi.exe
