e:\projects\so2-project\tp-so2\x64\debug\vc142.pdb
e:\projects\so2-project\tp-so2\x64\debug\vc142.idb
e:\projects\so2-project\tp-so2\x64\debug\main.obj
e:\projects\so2-project\tp-so2\x64\debug\main.obj.enc
e:\projects\so2-project\x64\debug\tp-so2.pdb
e:\projects\so2-project\tp-so2\x64\debug\tp-so2.tlog\cl.command.1.tlog
e:\projects\so2-project\tp-so2\x64\debug\tp-so2.tlog\cl.read.1.tlog
e:\projects\so2-project\tp-so2\x64\debug\tp-so2.tlog\cl.write.1.tlog
e:\projects\so2-project\tp-so2\x64\debug\tp-so2.tlog\link-cvtres.read.1.tlog
e:\projects\so2-project\tp-so2\x64\debug\tp-so2.tlog\link-cvtres.write.1.tlog
e:\projects\so2-project\tp-so2\x64\debug\tp-so2.tlog\link-rc.read.1.tlog
e:\projects\so2-project\tp-so2\x64\debug\tp-so2.tlog\link-rc.write.1.tlog
e:\projects\so2-project\tp-so2\x64\debug\tp-so2.tlog\link.10728-cvtres.read.1.tlog
e:\projects\so2-project\tp-so2\x64\debug\tp-so2.tlog\link.10728-cvtres.write.1.tlog
e:\projects\so2-project\tp-so2\x64\debug\tp-so2.tlog\link.10728-rc.read.1.tlog
e:\projects\so2-project\tp-so2\x64\debug\tp-so2.tlog\link.10728-rc.write.1.tlog
e:\projects\so2-project\tp-so2\x64\debug\tp-so2.tlog\link.10728.read.1.tlog
e:\projects\so2-project\tp-so2\x64\debug\tp-so2.tlog\link.10728.write.1.tlog
e:\projects\so2-project\tp-so2\x64\debug\tp-so2.tlog\link.command.1.tlog
e:\projects\so2-project\tp-so2\x64\debug\tp-so2.tlog\link.read.1.tlog
e:\projects\so2-project\tp-so2\x64\debug\tp-so2.tlog\link.write.1.tlog
