e:\projects\so2-project\contaxicomm_dll\x64\debug\contaxicomm_dll.pch
e:\projects\so2-project\contaxicomm_dll\x64\debug\vc142.pdb
e:\projects\so2-project\contaxicomm_dll\x64\debug\vc142.idb
e:\projects\so2-project\contaxicomm_dll\x64\debug\pch.obj
e:\projects\so2-project\contaxicomm_dll\x64\debug\main.obj
e:\projects\so2-project\contaxicomm_dll\x64\debug\dllmain.obj
e:\projects\so2-project\contaxicomm_dll\x64\debug\dll.obj
e:\projects\so2-project\x64\debug\contaxicomm_dll.lib
e:\projects\so2-project\x64\debug\contaxicomm_dll.exp
e:\projects\so2-project\x64\debug\contaxicomm_dll.dll
e:\projects\so2-project\x64\debug\contaxicomm_dll.ilk
e:\projects\so2-project\x64\debug\contaxicomm_dll.pdb
e:\projects\so2-project\contaxicomm_dll\x64\debug\contaxicomm_dll.tlog\cl.command.1.tlog
e:\projects\so2-project\contaxicomm_dll\x64\debug\contaxicomm_dll.tlog\cl.read.1.tlog
e:\projects\so2-project\contaxicomm_dll\x64\debug\contaxicomm_dll.tlog\cl.write.1.tlog
e:\projects\so2-project\contaxicomm_dll\x64\debug\contaxicomm_dll.tlog\contaxicomm_dll.write.1u.tlog
e:\projects\so2-project\contaxicomm_dll\x64\debug\contaxicomm_dll.tlog\link.11744.delete.1.tlog
e:\projects\so2-project\contaxicomm_dll\x64\debug\contaxicomm_dll.tlog\link.12104.delete.1.tlog
e:\projects\so2-project\contaxicomm_dll\x64\debug\contaxicomm_dll.tlog\link.1348.delete.1.tlog
e:\projects\so2-project\contaxicomm_dll\x64\debug\contaxicomm_dll.tlog\link.14668.delete.1.tlog
e:\projects\so2-project\contaxicomm_dll\x64\debug\contaxicomm_dll.tlog\link.15812.delete.1.tlog
e:\projects\so2-project\contaxicomm_dll\x64\debug\contaxicomm_dll.tlog\link.18044.delete.1.tlog
e:\projects\so2-project\contaxicomm_dll\x64\debug\contaxicomm_dll.tlog\link.18688.delete.1.tlog
e:\projects\so2-project\contaxicomm_dll\x64\debug\contaxicomm_dll.tlog\link.18992.delete.1.tlog
e:\projects\so2-project\contaxicomm_dll\x64\debug\contaxicomm_dll.tlog\link.20252.delete.1.tlog
e:\projects\so2-project\contaxicomm_dll\x64\debug\contaxicomm_dll.tlog\link.22564.delete.1.tlog
e:\projects\so2-project\contaxicomm_dll\x64\debug\contaxicomm_dll.tlog\link.3596.delete.1.tlog
e:\projects\so2-project\contaxicomm_dll\x64\debug\contaxicomm_dll.tlog\link.command.1.tlog
e:\projects\so2-project\contaxicomm_dll\x64\debug\contaxicomm_dll.tlog\link.delete.1.tlog
e:\projects\so2-project\contaxicomm_dll\x64\debug\contaxicomm_dll.tlog\link.read.1.tlog
e:\projects\so2-project\contaxicomm_dll\x64\debug\contaxicomm_dll.tlog\link.write.1.tlog
